{"/home/phelipe/Documentos/Trybe/trybe-exercicios/fundamentos/secao-7-introducao-javascript-es6-e-testes-unitarios/dia-3-matchers-e-cobertura-de-codigo/searchEmployee.js": {"path":"/home/phelipe/Documentos/Trybe/trybe-exercicios/fundamentos/secao-7-introducao-javascript-es6-e-testes-unitarios/dia-3-matchers-e-cobertura-de-codigo/searchEmployee.js","statementMap":{"0":{"start":{"line":1,"column":23},"end":{"line":3,"column":1}},"1":{"start":{"line":5,"column":0},"end":{"line":5,"column":32}}},"fnMap":{"0":{"name":"(anonymous_0)","decl":{"start":{"line":1,"column":23},"end":{"line":1,"column":24}},"loc":{"start":{"line":1,"column":29},"end":{"line":3,"column":1}},"line":1}},"branchMap":{},"s":{"0":1,"1":1},"f":{"0":0},"b":{},"_coverageSchema":"1a1c01bbd47fc00a2c39e90264f33305004495a9","hash":"1d61b476474e975fda6d4eed797dd5d5c2e01177"}
}
