{"/home/phelipe/Documentos/Trybe/trybe-exercicios/fundamentos/secao-7-introducao-javascript-es6-e-testes-unitarios/dia-3-matchers-e-cobertura-de-codigo/printMessage.js": {"path":"/home/phelipe/Documentos/Trybe/trybe-exercicios/fundamentos/secao-7-introducao-javascript-es6-e-testes-unitarios/dia-3-matchers-e-cobertura-de-codigo/printMessage.js","statementMap":{"0":{"start":{"line":1,"column":11},"end":{"line":5,"column":1}},"1":{"start":{"line":7,"column":21},"end":{"line":12,"column":1}},"2":{"start":{"line":8,"column":2},"end":{"line":10,"column":3}},"3":{"start":{"line":9,"column":4},"end":{"line":9,"column":39}},"4":{"start":{"line":11,"column":2},"end":{"line":11,"column":54}},"5":{"start":{"line":13,"column":2},"end":{"line":13,"column":34}},"6":{"start":{"line":15,"column":2},"end":{"line":15,"column":42}}},"fnMap":{"0":{"name":"(anonymous_0)","decl":{"start":{"line":7,"column":21},"end":{"line":7,"column":22}},"loc":{"start":{"line":7,"column":40},"end":{"line":12,"column":1}},"line":7}},"branchMap":{"0":{"loc":{"start":{"line":8,"column":2},"end":{"line":10,"column":3}},"type":"if","locations":[{"start":{"line":8,"column":2},"end":{"line":10,"column":3}},{"start":{},"end":{}}],"line":8},"1":{"loc":{"start":{"line":8,"column":6},"end":{"line":8,"column":62}},"type":"binary-expr","locations":[{"start":{"line":8,"column":6},"end":{"line":8,"column":20}},{"start":{"line":8,"column":24},"end":{"line":8,"column":62}}],"line":8}},"s":{"0":1,"1":1,"2":2,"3":1,"4":1,"5":1,"6":1},"f":{"0":2},"b":{"0":[1,1],"1":[2,2]},"_coverageSchema":"1a1c01bbd47fc00a2c39e90264f33305004495a9","hash":"90b69d04d3f8cb429f55f307f4ce9dbfe809b700"}
}
